This is pdfTeX, Version 3.1415926-2.4-1.40.13 (TeX Live 2012) (format=pdflatex 2012.6.30)  20 FEB 2013 14:49
entering extended mode
 restricted \write18 enabled.
 file:line:error style messages enabled.
 %&-line parsing enabled.
**"Problem Set 2.tex"
(./Problem Set 2.tex
LaTeX2e <2011/06/27>
Babel <v3.8m> and hyphenation patterns for english, dumylang, nohyphenation, ge
rman-x-2012-05-30, ngerman-x-2012-05-30, afrikaans, ancientgreek, ibycus, arabi
c, armenian, basque, bulgarian, catalan, pinyin, coptic, croatian, czech, danis
h, dutch, ukenglish, usenglishmax, esperanto, estonian, ethiopic, farsi, finnis
h, french, friulan, galician, german, ngerman, swissgerman, monogreek, greek, h
ungarian, icelandic, assamese, bengali, gujarati, hindi, kannada, malayalam, ma
rathi, oriya, panjabi, tamil, telugu, indonesian, interlingua, irish, italian, 
kurmanji, latin, latvian, lithuanian, mongolian, mongolianlmc, bokmal, nynorsk,
 polish, portuguese, romanian, romansh, russian, sanskrit, serbian, serbianc, s
lovak, slovenian, spanish, swedish, turkish, turkmen, ukrainian, uppersorbian, 
welsh, loaded.
(/usr/local/texlive/2012/texmf-dist/tex/latex/base/article.cls
Document Class: article 2007/10/19 v1.4h Standard LaTeX document class
(/usr/local/texlive/2012/texmf-dist/tex/latex/base/size10.clo
File: size10.clo 2007/10/19 v1.4h Standard LaTeX file (size option)
)
\c@part=\count79
\c@section=\count80
\c@subsection=\count81
\c@subsubsection=\count82
\c@paragraph=\count83
\c@subparagraph=\count84
\c@figure=\count85
\c@table=\count86
\abovecaptionskip=\skip41
\belowcaptionskip=\skip42
\bibindent=\dimen102
)
(/usr/local/texlive/2012/texmf-dist/tex/latex/amsmath/amsmath.sty
Package: amsmath 2000/07/18 v2.13 AMS math features
\@mathmargin=\skip43

For additional information on amsmath, use the `?' option.
(/usr/local/texlive/2012/texmf-dist/tex/latex/amsmath/amstext.sty
Package: amstext 2000/06/29 v2.01

(/usr/local/texlive/2012/texmf-dist/tex/latex/amsmath/amsgen.sty
File: amsgen.sty 1999/11/30 v2.0
\@emptytoks=\toks14
\ex@=\dimen103
))
(/usr/local/texlive/2012/texmf-dist/tex/latex/amsmath/amsbsy.sty
Package: amsbsy 1999/11/29 v1.2d
\pmbraise@=\dimen104
)
(/usr/local/texlive/2012/texmf-dist/tex/latex/amsmath/amsopn.sty
Package: amsopn 1999/12/14 v2.01 operator names
)
\inf@bad=\count87
LaTeX Info: Redefining \frac on input line 211.
\uproot@=\count88
\leftroot@=\count89
LaTeX Info: Redefining \overline on input line 307.
\classnum@=\count90
\DOTSCASE@=\count91
LaTeX Info: Redefining \ldots on input line 379.
LaTeX Info: Redefining \dots on input line 382.
LaTeX Info: Redefining \cdots on input line 467.
\Mathstrutbox@=\box26
\strutbox@=\box27
\big@size=\dimen105
LaTeX Font Info:    Redeclaring font encoding OML on input line 567.
LaTeX Font Info:    Redeclaring font encoding OMS on input line 568.
\macc@depth=\count92
\c@MaxMatrixCols=\count93
\dotsspace@=\muskip10
\c@parentequation=\count94
\dspbrk@lvl=\count95
\tag@help=\toks15
\row@=\count96
\column@=\count97
\maxfields@=\count98
\andhelp@=\toks16
\eqnshift@=\dimen106
\alignsep@=\dimen107
\tagshift@=\dimen108
\tagwidth@=\dimen109
\totwidth@=\dimen110
\lineht@=\dimen111
\@envbody=\toks17
\multlinegap=\skip44
\multlinetaggap=\skip45
\mathdisplay@stack=\toks18
LaTeX Info: Redefining \[ on input line 2666.
LaTeX Info: Redefining \] on input line 2667.
)
(/usr/local/texlive/2012/texmf-dist/tex/latex/graphics/graphicx.sty
Package: graphicx 1999/02/16 v1.0f Enhanced LaTeX Graphics (DPC,SPQR)

(/usr/local/texlive/2012/texmf-dist/tex/latex/graphics/keyval.sty
Package: keyval 1999/03/16 v1.13 key=value parser (DPC)
\KV@toks@=\toks19
)
(/usr/local/texlive/2012/texmf-dist/tex/latex/graphics/graphics.sty
Package: graphics 2009/02/05 v1.0o Standard LaTeX Graphics (DPC,SPQR)

(/usr/local/texlive/2012/texmf-dist/tex/latex/graphics/trig.sty
Package: trig 1999/03/16 v1.09 sin cos tan (DPC)
)
(/usr/local/texlive/2012/texmf-dist/tex/latex/latexconfig/graphics.cfg
File: graphics.cfg 2010/04/23 v1.9 graphics configuration of TeX Live
)
Package graphics Info: Driver file: pdftex.def on input line 91.

(/usr/local/texlive/2012/texmf-dist/tex/latex/pdftex-def/pdftex.def
File: pdftex.def 2011/05/27 v0.06d Graphics/color for pdfTeX

(/usr/local/texlive/2012/texmf-dist/tex/generic/oberdiek/infwarerr.sty
Package: infwarerr 2010/04/08 v1.3 Providing info/warning/error messages (HO)
)
(/usr/local/texlive/2012/texmf-dist/tex/generic/oberdiek/ltxcmds.sty
Package: ltxcmds 2011/11/09 v1.22 LaTeX kernel commands for general use (HO)
)
\Gread@gobject=\count99
))
\Gin@req@height=\dimen112
\Gin@req@width=\dimen113
)
(/usr/local/texlive/2012/texmf-dist/tex/latex/graphics/lscape.sty
Package: lscape 2000/10/22 v3.01 Landscape Pages (DPC)
)
(/usr/local/texlive/2012/texmf-dist/tex/generic/ulem/ulem.sty
\UL@box=\box28
\UL@hyphenbox=\box29
\UL@skip=\skip46
\UL@hook=\toks20
\UL@height=\dimen114
\UL@pe=\count100
\UL@pixel=\dimen115
\ULC@box=\box30
Package: ulem 2012/05/18
\ULdepth=\dimen116
)
(/usr/local/texlive/2012/texmf-dist/tex/latex/float/float.sty
Package: float 2001/11/08 v1.3d Float enhancements (AL)
\c@float@type=\count101
\float@exts=\toks21
\float@box=\box31
\@float@everytoks=\toks22
\@floatcapt=\box32
)
(/usr/local/texlive/2012/texmf-dist/tex/latex/geometry/geometry.sty
Package: geometry 2010/09/12 v5.6 Page Geometry

(/usr/local/texlive/2012/texmf-dist/tex/generic/oberdiek/ifpdf.sty
Package: ifpdf 2011/01/30 v2.3 Provides the ifpdf switch (HO)
Package ifpdf Info: pdfTeX in PDF mode is detected.
)
(/usr/local/texlive/2012/texmf-dist/tex/generic/oberdiek/ifvtex.sty
Package: ifvtex 2010/03/01 v1.5 Detect VTeX and its facilities (HO)
Package ifvtex Info: VTeX not detected.
)
(/usr/local/texlive/2012/texmf-dist/tex/generic/ifxetex/ifxetex.sty
Package: ifxetex 2010/09/12 v0.6 Provides ifxetex conditional
)
\Gm@cnth=\count102
\Gm@cntv=\count103
\c@Gm@tempcnt=\count104
\Gm@bindingoffset=\dimen117
\Gm@wd@mp=\dimen118
\Gm@odd@mp=\dimen119
\Gm@even@mp=\dimen120
\Gm@layoutwidth=\dimen121
\Gm@layoutheight=\dimen122
\Gm@layouthoffset=\dimen123
\Gm@layoutvoffset=\dimen124
\Gm@dimlist=\toks23
)
(./Problem Set 2.aux)
\openout1 = `"Problem Set 2.aux"'.

LaTeX Font Info:    Checking defaults for OML/cmm/m/it on input line 14.
LaTeX Font Info:    ... okay on input line 14.
LaTeX Font Info:    Checking defaults for T1/cmr/m/n on input line 14.
LaTeX Font Info:    ... okay on input line 14.
LaTeX Font Info:    Checking defaults for OT1/cmr/m/n on input line 14.
LaTeX Font Info:    ... okay on input line 14.
LaTeX Font Info:    Checking defaults for OMS/cmsy/m/n on input line 14.
LaTeX Font Info:    ... okay on input line 14.
LaTeX Font Info:    Checking defaults for OMX/cmex/m/n on input line 14.
LaTeX Font Info:    ... okay on input line 14.
LaTeX Font Info:    Checking defaults for U/cmr/m/n on input line 14.
LaTeX Font Info:    ... okay on input line 14.

(/usr/local/texlive/2012/texmf-dist/tex/context/base/supp-pdf.mkii
[Loading MPS to PDF converter (version 2006.09.02).]
\scratchcounter=\count105
\scratchdimen=\dimen125
\scratchbox=\box33
\nofMPsegments=\count106
\nofMParguments=\count107
\everyMPshowfont=\toks24
\MPscratchCnt=\count108
\MPscratchDim=\dimen126
\MPnumerator=\count109
\makeMPintoPDFobject=\count110
\everyMPtoPDFconversion=\toks25
) (/usr/local/texlive/2012/texmf-dist/tex/generic/oberdiek/pdftexcmds.sty
Package: pdftexcmds 2011/11/29 v0.20 Utility functions of pdfTeX for LuaTeX (HO
)

(/usr/local/texlive/2012/texmf-dist/tex/generic/oberdiek/ifluatex.sty
Package: ifluatex 2010/03/01 v1.3 Provides the ifluatex switch (HO)
Package ifluatex Info: LuaTeX not detected.
)
Package pdftexcmds Info: LuaTeX not detected.
Package pdftexcmds Info: \pdf@primitive is available.
Package pdftexcmds Info: \pdf@ifprimitive is available.
Package pdftexcmds Info: \pdfdraftmode found.
)
(/usr/local/texlive/2012/texmf-dist/tex/latex/oberdiek/epstopdf-base.sty
Package: epstopdf-base 2010/02/09 v2.5 Base part for package epstopdf

(/usr/local/texlive/2012/texmf-dist/tex/latex/oberdiek/grfext.sty
Package: grfext 2010/08/19 v1.1 Manage graphics extensions (HO)

(/usr/local/texlive/2012/texmf-dist/tex/generic/oberdiek/kvdefinekeys.sty
Package: kvdefinekeys 2011/04/07 v1.3 Define keys (HO)
))
(/usr/local/texlive/2012/texmf-dist/tex/latex/oberdiek/kvoptions.sty
Package: kvoptions 2011/06/30 v3.11 Key value format for package options (HO)

(/usr/local/texlive/2012/texmf-dist/tex/generic/oberdiek/kvsetkeys.sty
Package: kvsetkeys 2012/04/25 v1.16 Key value parser (HO)

(/usr/local/texlive/2012/texmf-dist/tex/generic/oberdiek/etexcmds.sty
Package: etexcmds 2011/02/16 v1.5 Avoid name clashes with e-TeX commands (HO)
Package etexcmds Info: Could not find \expanded.
(etexcmds)             That can mean that you are not using pdfTeX 1.50 or
(etexcmds)             that some package has redefined \expanded.
(etexcmds)             In the latter case, load this package earlier.
)))
Package grfext Info: Graphics extension search list:
(grfext)             [.png,.pdf,.jpg,.mps,.jpeg,.jbig2,.jb2,.PNG,.PDF,.JPG,.JPE
G,.JBIG2,.JB2,.eps]
(grfext)             \AppendGraphicsExtensions on input line 452.

(/usr/local/texlive/2012/texmf-dist/tex/latex/latexconfig/epstopdf-sys.cfg
File: epstopdf-sys.cfg 2010/07/13 v1.3 Configuration of (r)epstopdf for TeX Liv
e
))
*geometry* driver: auto-detecting
*geometry* detected driver: pdftex
*geometry* verbose mode - [ preamble ] result:
* driver: pdftex
* paper: <default>
* layout: <same size as paper>
* layoutoffset:(h,v)=(0.0pt,0.0pt)
* modes: 
* h-part:(L,W,R)=(61.42856pt, 491.43787pt, 61.42857pt)
* v-part:(T,H,B)=(63.59662pt, 635.97841pt, 95.39496pt)
* \paperwidth=614.295pt
* \paperheight=794.96999pt
* \textwidth=491.43787pt
* \textheight=635.97841pt
* \oddsidemargin=-10.84143pt
* \evensidemargin=-10.84143pt
* \topmargin=-45.67337pt
* \headheight=12.0pt
* \headsep=25.0pt
* \topskip=10.0pt
* \footskip=30.0pt
* \marginparwidth=65.0pt
* \marginparsep=11.0pt
* \columnsep=10.0pt
* \skip\footins=9.0pt plus 4.0pt minus 2.0pt
* \hoffset=0.0pt
* \voffset=0.0pt
* \mag=1000
* \@twocolumnfalse
* \@twosidefalse
* \@mparswitchfalse
* \@reversemarginfalse
* (1in=72.27pt=25.4mm, 1cm=28.453pt)

<1_dc_schematic.png, id=1, 1208.3544pt x 435.5472pt>
File: 1_dc_schematic.png Graphic file (type png)
 <use 1_dc_schematic.png>
Package pdftex.def Info: 1_dc_schematic.png used on input line 35.
(pdftex.def)             Requested size: 505.89pt x 182.34372pt.

Overfull \hbox (14.45213pt too wide) in paragraph at lines 35--36
 [][] 
 []

[1

{/usr/local/texlive/2012/texmf-var/fonts/map/pdftex/updmap/pdftex.map}]
<1_ac_schematic.png, id=19, 846.2817pt x 385.9218pt>
File: 1_ac_schematic.png Graphic file (type png)
 <use 1_ac_schematic.png>
Package pdftex.def Info: 1_ac_schematic.png used on input line 42.
(pdftex.def)             Requested size: 505.89pt x 230.701pt.

Overfull \hbox (14.45213pt too wide) in paragraph at lines 42--43
 [][] 
 []

<1a.png, id=20, 1203.49625pt x 698.61pt>
File: 1a.png Graphic file (type png)
 <use 1a.png>
Package pdftex.def Info: 1a.png used on input line 49.
(pdftex.def)             Requested size: 361.34999pt x 209.75517pt.
 [2 <./1_dc_schematic.png> <./1_ac_schematic.png>] <1d.png, id=26, 1203.49625pt
 x 698.61pt>
File: 1d.png Graphic file (type png)
 <use 1d.png>
Package pdftex.def Info: 1d.png used on input line 56.
(pdftex.def)             Requested size: 361.34999pt x 209.75517pt.

[3 <./1a.png (PNG copy)> <./1d.png (PNG copy)>]
<1b.png, id=30, 1606.0pt x 1048.91875pt>
File: 1b.png Graphic file (type png)
 <use 1b.png>
Package pdftex.def Info: 1b.png used on input line 67.
(pdftex.def)             Requested size: 361.34999pt x 235.99654pt.

<1e.png, id=31, 1606.0pt x 1048.91875pt>
File: 1e.png Graphic file (type png)
 <use 1e.png>
Package pdftex.def Info: 1e.png used on input line 74.
(pdftex.def)             Requested size: 361.34999pt x 235.99654pt.
 [4 <./1b.png (PNG copy)> <./1e.png (PNG copy)>] <1c.png, id=35, 1606.0pt x 104
8.91875pt>
File: 1c.png Graphic file (type png)
 <use 1c.png>
Package pdftex.def Info: 1c.png used on input line 85.
(pdftex.def)             Requested size: 361.34999pt x 235.99654pt.

<1f.png, id=36, 1606.0pt x 1048.91875pt>
File: 1f.png Graphic file (type png)
 <use 1f.png>
Package pdftex.def Info: 1f.png used on input line 92.
(pdftex.def)             Requested size: 361.34999pt x 235.99654pt.
 [5 <./1c.png (PNG copy)> <./1f.png (PNG copy)>] <2_cs_schematic.png, id=40, 91
0.01204pt x 550.13693pt>
File: 2_cs_schematic.png Graphic file (type png)

<use 2_cs_schematic.png>
Package pdftex.def Info: 2_cs_schematic.png used on input line 106.
(pdftex.def)             Requested size: 505.89pt x 305.82487pt.

Overfull \hbox (14.45213pt too wide) in paragraph at lines 106--107
 [][] 
 []

<2_cs_dcop.png, id=41, 755.9442pt x 457.4691pt>
File: 2_cs_dcop.png Graphic file (type png)
 <use 2_cs_dcop.png>
Package pdftex.def Info: 2_cs_dcop.png used on input line 113.
(pdftex.def)             Requested size: 505.89pt x 306.1467pt.

Overfull \hbox (14.45213pt too wide) in paragraph at lines 113--114
 [][] 
 []

[6 <./2_cs_schematic.png>] <2_cs_gain_tt.png, id=47, 1606.0pt x 1048.91875pt>
File: 2_cs_gain_tt.png Graphic file (type png)

<use 2_cs_gain_tt.png>
Package pdftex.def Info: 2_cs_gain_tt.png used on input line 120.
(pdftex.def)             Requested size: 361.34999pt x 235.99654pt.
 <2_cs_gain_ff.png, id=48, 1606.0pt x 1048.91875pt>
File: 2_cs_gain_ff.png Graphic file (type png)

<use 2_cs_gain_ff.png>
Package pdftex.def Info: 2_cs_gain_ff.png used on input line 127.
(pdftex.def)             Requested size: 433.62pt x 283.21184pt.
 [7 <./2_cs_dcop.png> <./2_cs_gain_tt.png (PNG copy)>]
<2_cs_gain_ss.png, id=54, 1606.0pt x 1048.91875pt>
File: 2_cs_gain_ss.png Graphic file (type png)
 <use 2_cs_gain_ss.png>
Package pdftex.def Info: 2_cs_gain_ss.png used on input line 134.
(pdftex.def)             Requested size: 433.62pt x 283.21184pt.

[8 <./2_cs_gain_ff.png (PNG copy)> <./2_cs_gain_ss.png (PNG copy)>]
<2_cs_transient.png, id=58, 1606.0pt x 1048.91875pt>
File: 2_cs_transient.png Graphic file (type png)
 <use 2_cs_transient.png>
Package pdftex.def Info: 2_cs_transient.png used on input line 143.
(pdftex.def)             Requested size: 505.89pt x 330.41115pt.

Overfull \hbox (14.45213pt too wide) in paragraph at lines 143--144
 [][] 
 []

<2_cs_linearity.png, id=59, 1606.0pt x 1048.91875pt>
File: 2_cs_linearity.png Graphic file (type png)
 <use 2_cs_linearity.png>
Package pdftex.def Info: 2_cs_linearity.png used on input line 150.
(pdftex.def)             Requested size: 505.89pt x 330.41115pt.

Overfull \hbox (14.45213pt too wide) in paragraph at lines 150--151
 [][] 
 []

[9 <./2_cs_transient.png (PNG copy)>] [10 <./2_cs_linearity.png>]

LaTeX Warning: Reference `cd_linearity' on page 11 undefined on input line 160.


<2_cd_schematic.png, id=67, 701.7417pt x 456.0237pt>
File: 2_cd_schematic.png Graphic file (type png)
 <use 2_cd_schematic.png>
Package pdftex.def Info: 2_cd_schematic.png used on input line 164.
(pdftex.def)             Requested size: 505.89pt x 328.7543pt.

Overfull \hbox (14.45213pt too wide) in paragraph at lines 164--165
 [][] 
 []

<2_cd_dcop.png, id=68, 701.7417pt x 456.0237pt>
File: 2_cd_dcop.png Graphic file (type png)
 <use 2_cd_dcop.png>
Package pdftex.def Info: 2_cd_dcop.png used on input line 171.
(pdftex.def)             Requested size: 505.89pt x 328.7543pt.

Overfull \hbox (14.45213pt too wide) in paragraph at lines 171--172
 [][] 
 []

[11 <./2_cd_schematic.png>] <2_cd_gain_tt.png, id=74, 1203.49625pt x 698.61pt>
File: 2_cd_gain_tt.png Graphic file (type png)

<use 2_cd_gain_tt.png>
Package pdftex.def Info: 2_cd_gain_tt.png used on input line 178.
(pdftex.def)             Requested size: 361.34999pt x 209.75517pt.
 <2_cd_gain_ff.png, id=75, 1203.49625pt x 698.61pt>
File: 2_cd_gain_ff.png Graphic file (type png)

<use 2_cd_gain_ff.png>
Package pdftex.def Info: 2_cd_gain_ff.png used on input line 185.
(pdftex.def)             Requested size: 433.62pt x 251.7126pt.
 [12 <./2_cd_dcop.png> <./2_cd_gain_tt.png (PNG copy)>]
<2_cd_gain_ss.png, id=80, 1203.49625pt x 698.61pt>
File: 2_cd_gain_ss.png Graphic file (type png)
 <use 2_cd_gain_ss.png>
Package pdftex.def Info: 2_cd_gain_ss.png used on input line 192.
(pdftex.def)             Requested size: 433.62pt x 251.7126pt.

<2_cd_transient.png, id=81, 1203.49625pt x 698.61pt>
File: 2_cd_transient.png Graphic file (type png)
 <use 2_cd_transient.png>
Package pdftex.def Info: 2_cd_transient.png used on input line 199.
(pdftex.def)             Requested size: 433.62pt x 251.7126pt.

[13 <./2_cd_gain_ff.png (PNG copy)> <./2_cd_gain_ss.png (PNG copy)>]
<2_cd_linearity.png, id=86, 1203.49625pt x 698.61pt>
File: 2_cd_linearity.png Graphic file (type png)
 <use 2_cd_linearity.png>
Package pdftex.def Info: 2_cd_linearity.png used on input line 206.
(pdftex.def)             Requested size: 433.62pt x 251.7126pt.

[14 <./2_cd_transient.png (PNG copy)> <./2_cd_linearity.png (PNG copy)>]

LaTeX Warning: Reference `cas_linearity' on page 15 undefined on input line 216
.

<2_cas_schematic.png, id=90, 658.3797pt x 457.4691pt>
File: 2_cas_schematic.png Graphic file (type png)

<use 2_cas_schematic.png>
Package pdftex.def Info: 2_cas_schematic.png used on input line 220.
(pdftex.def)             Requested size: 433.62pt x 301.29532pt.
 <2_cas_dcop.png, id=91, 658.3797pt x 457.4691pt>
File: 2_cas_dcop.png Graphic file (type png)

<use 2_cas_dcop.png>
Package pdftex.def Info: 2_cas_dcop.png used on input line 227.
(pdftex.def)             Requested size: 505.89pt x 351.51237pt.

Overfull \hbox (14.45213pt too wide) in paragraph at lines 227--228
 [][] 
 []

[15 <./2_cas_schematic.png>]
<2_cas_gain_tt.png, id=96, 1203.49625pt x 698.61pt>
File: 2_cas_gain_tt.png Graphic file (type png)
 <use 2_cas_gain_tt.png>
Package pdftex.def Info: 2_cas_gain_tt.png used on input line 234.
(pdftex.def)             Requested size: 361.34999pt x 209.75517pt.

<2_cas_gain_ff.png, id=97, 1203.49625pt x 698.61pt>
File: 2_cas_gain_ff.png Graphic file (type png)
 <use 2_cas_gain_ff.png>
Package pdftex.def Info: 2_cas_gain_ff.png used on input line 241.
(pdftex.def)             Requested size: 433.62pt x 251.7126pt.

[16 <./2_cas_dcop.png> <./2_cas_gain_tt.png (PNG copy)>]
<2_cas_gain_ss.png, id=102, 1203.49625pt x 698.61pt>
File: 2_cas_gain_ss.png Graphic file (type png)
 <use 2_cas_gain_ss.png>
Package pdftex.def Info: 2_cas_gain_ss.png used on input line 248.
(pdftex.def)             Requested size: 433.62pt x 251.7126pt.

<2_cas_transient.png, id=103, 1203.49625pt x 698.61pt>
File: 2_cas_transient.png Graphic file (type png)

<use 2_cas_transient.png>
Package pdftex.def Info: 2_cas_transient.png used on input line 255.
(pdftex.def)             Requested size: 433.62pt x 251.7126pt.
 [17 <./2_cas_gain_ff.png (PNG copy)> <./2_cas_gain_ss.png (PNG copy)>] <2_cas_
linearity.png, id=107, 1203.49625pt x 698.61pt>
File: 2_cas_linearity.png Graphic file (type png)

<use 2_cas_linearity.png>
Package pdftex.def Info: 2_cas_linearity.png used on input line 262.
(pdftex.def)             Requested size: 433.62pt x 251.7126pt.
 [18 <./2_cas_transient.png (PNG copy)> <./2_cas_linearity.png (PNG copy)>] (./
Problem Set 2.aux)

LaTeX Warning: There were undefined references.

 ) 
Here is how much of TeX's memory you used:
 2896 strings out of 493488
 40079 string characters out of 3141326
 104451 words of memory out of 3000000
 6143 multiletter control sequences out of 15000+200000
 9475 words of font info for 35 fonts, out of 3000000 for 9000
 957 hyphenation exceptions out of 8191
 38i,6n,30p,1386b,223s stack positions out of 5000i,500n,10000p,200000b,50000s
</usr/local/texlive/2012/texmf-dist/fonts/type1/public/amsfonts/cm/cmbx10.pfb
></usr/local/texlive/2012/texmf-dist/fonts/type1/public/amsfonts/cm/cmbx12.pfb>
</usr/local/texlive/2012/texmf-dist/fonts/type1/public/amsfonts/cm/cmmi10.pfb><
/usr/local/texlive/2012/texmf-dist/fonts/type1/public/amsfonts/cm/cmmi12.pfb></
usr/local/texlive/2012/texmf-dist/fonts/type1/public/amsfonts/cm/cmmi7.pfb></us
r/local/texlive/2012/texmf-dist/fonts/type1/public/amsfonts/cm/cmmi8.pfb></usr/
local/texlive/2012/texmf-dist/fonts/type1/public/amsfonts/cm/cmr10.pfb></usr/lo
cal/texlive/2012/texmf-dist/fonts/type1/public/amsfonts/cm/cmr12.pfb></usr/loca
l/texlive/2012/texmf-dist/fonts/type1/public/amsfonts/cm/cmr17.pfb></usr/local/
texlive/2012/texmf-dist/fonts/type1/public/amsfonts/cm/cmr7.pfb></usr/local/tex
live/2012/texmf-dist/fonts/type1/public/amsfonts/cm/cmsy10.pfb></usr/local/texl
ive/2012/texmf-dist/fonts/type1/public/amsfonts/cm/cmsy7.pfb></usr/local/texliv
e/2012/texmf-dist/fonts/type1/public/amsfonts/cm/cmti10.pfb>
Output written on "Problem Set 2.pdf" (18 pages, 692275 bytes).
PDF statistics:
 153 PDF objects out of 1000 (max. 8388607)
 81 compressed objects within 1 object stream
 0 named destinations out of 1000 (max. 500000)
 146 words of extra memory for PDF output out of 10000 (max. 10000000)

